<?xml version="1.0" encoding="UTF-8"?>
<!-- Generated by org.testng.reporters.JUnitReportReporter -->
<testsuite hostname="Raghav" failures="0" tests="1" name="dataBasePrograms.ExactCodeFordataBase" time="0.689" errors="0" timestamp="07 May 2024 05:26:30 GMT" skipped="0">
  <testcase classname="dataBasePrograms.ExactCodeFordataBase" name="checkData" time="0.689"/>
</testsuite> <!-- dataBasePrograms.ExactCodeFordataBase -->
