<?xml version="1.0" encoding="UTF-8"?>
<!-- Generated by org.testng.reporters.JUnitReportReporter -->
<testsuite hostname="Raghav" failures="0" tests="2" name="TestNgPrograms.ConfigurationAnnotation_3" time="0.011" errors="0" timestamp="16 May 2024 05:37:05 GMT" skipped="0">
  <testcase classname="TestNgPrograms.ConfigurationAnnotation_3" name="test" time="0.007"/>
  <testcase classname="TestNgPrograms.ConfigurationAnnotation_3" name="test1" time="0.004"/>
</testsuite> <!-- TestNgPrograms.ConfigurationAnnotation_3 -->
