<?xml version="1.0" encoding="UTF-8"?>
<!-- Generated by org.testng.reporters.JUnitReportReporter -->
<testsuite hostname="Raghav" failures="0" tests="4" name="TestNgPrograms.DependsOnMethodTest" time="0.031" errors="0" timestamp="15 May 2024 12:14:11 GMT" skipped="0">
  <testcase classname="TestNgPrograms.DependsOnMethodTest" name="logoutTest" time="0.003"/>
  <testcase classname="TestNgPrograms.DependsOnMethodTest" name="searchTest" time="0.004"/>
  <testcase classname="TestNgPrograms.DependsOnMethodTest" name="regesterTest" time="0.020"/>
  <testcase classname="TestNgPrograms.DependsOnMethodTest" name="loginTest" time="0.004"/>
</testsuite> <!-- TestNgPrograms.DependsOnMethodTest -->
