<?xml version="1.0" encoding="UTF-8"?>
<!-- Generated by org.testng.reporters.JUnitReportReporter -->
<testsuite hostname="Raghav" failures="0" tests="2" name="testNGDemoAnnotationPractice.DemoCreateorganizationconfigannotation" time="0.032" errors="0" timestamp="16 May 2024 07:33:00 GMT" skipped="0">
  <testcase classname="testNGDemoAnnotationPractice.DemoCreateorganizationconfigannotation" name="createOrgWithIndustry" time="0.023"/>
  <testcase classname="testNGDemoAnnotationPractice.DemoCreateorganizationconfigannotation" name="createOrg" time="0.009"/>
</testsuite> <!-- testNGDemoAnnotationPractice.DemoCreateorganizationconfigannotation -->
