<?xml version="1.0" encoding="UTF-8"?>
<!-- Generated by org.testng.reporters.JUnitReportReporter -->
<testsuite hostname="Raghav" failures="0" tests="1" name="dataBasePrograms.ExpectedDataInDatabase" time="0.565" errors="0" timestamp="07 May 2024 05:08:26 GMT" skipped="0">
  <testcase classname="dataBasePrograms.ExpectedDataInDatabase" name="checkData" time="0.565"/>
</testsuite> <!-- dataBasePrograms.ExpectedDataInDatabase -->
