<?xml version="1.0" encoding="UTF-8"?>
<!-- Generated by org.testng.reporters.JUnitReportReporter -->
<testsuite hostname="Raghav" failures="0" tests="1" name="Assaignment.Practice" time="1.255" errors="0" timestamp="2024-05-31T12:40:18 IST" skipped="0">
  <testcase classname="Assaignment.Practice" name="xecelsheet" time="1.255"/>
  <system-out/>
</testsuite> <!-- Assaignment.Practice -->
