<?xml version="1.0" encoding="UTF-8"?>
<!-- Generated by org.testng.reporters.JUnitReportReporter -->
<testsuite hostname="Raghav" failures="0" tests="6" name="TestNgPrograms.InvocationCountTest" time="0.040" errors="0" timestamp="15 May 2024 12:28:55 GMT" skipped="0">
  <testcase classname="TestNgPrograms.InvocationCountTest" name="demoTest1" time="0.003"/>
  <testcase classname="TestNgPrograms.InvocationCountTest" name="demoTest" time="0.004"/>
  <testcase classname="TestNgPrograms.InvocationCountTest" name="demoTest" time="0.005"/>
  <testcase classname="TestNgPrograms.InvocationCountTest" name="demoTest" time="0.005"/>
  <testcase classname="TestNgPrograms.InvocationCountTest" name="demoTest" time="0.006"/>
  <testcase classname="TestNgPrograms.InvocationCountTest" name="demoTest" time="0.017"/>
</testsuite> <!-- TestNgPrograms.InvocationCountTest -->
