<?xml version="1.0" encoding="UTF-8"?>
<!-- Generated by org.testng.reporters.JUnitReportReporter -->
<testsuite hostname="Raghav" failures="0" tests="1" name="pomprograms.HandlingStaleElementReferanceException" time="21.648" errors="0" timestamp="10 May 2024 07:54:02 GMT" skipped="0">
  <testcase classname="pomprograms.HandlingStaleElementReferanceException" name="login" time="21.648"/>
</testsuite> <!-- pomprograms.HandlingStaleElementReferanceException -->
