<?xml version="1.0" encoding="UTF-8"?>
<!-- Generated by org.testng.reporters.JUnitReportReporter -->
<testsuite hostname="Raghav" failures="0" tests="1" name="ReportPrograms.AttachScreenShotToReport" time="9.488" errors="0" timestamp="2024-05-21T18:43:04 IST" skipped="0">
  <testcase classname="ReportPrograms.AttachScreenShotToReport" name="test1" time="9.488"/>
  <system-out/>
</testsuite> <!-- ReportPrograms.AttachScreenShotToReport -->
