<?xml version="1.0" encoding="UTF-8"?>
<!-- Generated by org.testng.reporters.JUnitReportReporter -->
<testsuite hostname="Raghav" failures="0" tests="1" name="pomprograms.HandlingDynamicElementInPom" time="215.277" errors="0" timestamp="14 May 2024 12:06:23 GMT" skipped="0">
  <testcase classname="pomprograms.HandlingDynamicElementInPom" name="HandlingDynamic" time="215.277"/>
</testsuite> <!-- pomprograms.HandlingDynamicElementInPom -->
