<?xml version="1.0" encoding="UTF-8"?>
<!-- Generated by org.testng.reporters.JUnitReportReporter -->
<testsuite hostname="Raghav" failures="0" tests="3" name="ReportPrograms.MultipleTest" time="0.040" errors="0" timestamp="2024-05-21T18:22:33 IST" skipped="0">
  <testcase classname="ReportPrograms.MultipleTest" name="test2" time="0.006"/>
  <system-out/>
  <testcase classname="ReportPrograms.MultipleTest" name="test3" time="0.004"/>
  <system-out/>
  <testcase classname="ReportPrograms.MultipleTest" name="test1" time="0.030"/>
  <system-out/>
</testsuite> <!-- ReportPrograms.MultipleTest -->
