<?xml version="1.0" encoding="UTF-8"?>
<!-- Generated by org.testng.reporters.JUnitReportReporter -->
<testsuite hostname="Raghav" failures="0" tests="2" name="TestNgPrograms.ConfigAnnotation_1" time="0.032" errors="0" timestamp="16 May 2024 05:31:43 GMT" skipped="0">
  <testcase classname="TestNgPrograms.ConfigAnnotation_1" name="test" time="0.012"/>
  <testcase classname="TestNgPrograms.ConfigAnnotation_1" name="test1" time="0.020"/>
</testsuite> <!-- TestNgPrograms.ConfigAnnotation_1 -->
