<?xml version="1.0" encoding="UTF-8"?>
<!-- Generated by org.testng.reporters.JUnitReportReporter -->
<testsuite hostname="Raghav" failures="0" tests="3" name="TestNgPrograms.DataProviderTest" time="0.024" errors="0" timestamp="15 May 2024 12:56:46 GMT" skipped="0">
  <testcase classname="TestNgPrograms.DataProviderTest" name="CreateContact" time="0.008"/>
  <testcase classname="TestNgPrograms.DataProviderTest" name="CreateContact" time="0.013"/>
  <testcase classname="TestNgPrograms.DataProviderTest" name="CreateContact" time="0.003"/>
</testsuite> <!-- TestNgPrograms.DataProviderTest -->
