<?xml version="1.0" encoding="UTF-8"?>
<!-- Generated by org.testng.reporters.JUnitReportReporter -->
<testsuite hostname="Raghav" failures="0" tests="2" name="TestNgPrograms.ConfigurationAnnotation_2" time="0.011" errors="0" timestamp="16 May 2024 05:33:21 GMT" skipped="0">
  <testcase classname="TestNgPrograms.ConfigurationAnnotation_2" name="test1" time="0.003"/>
  <testcase classname="TestNgPrograms.ConfigurationAnnotation_2" name="test" time="0.008"/>
</testsuite> <!-- TestNgPrograms.ConfigurationAnnotation_2 -->
