<?xml version="1.0" encoding="UTF-8"?>
<!-- Generated by org.testng.reporters.JUnitReportReporter -->
<testsuite hostname="Raghav" failures="0" tests="1" name="mock.Flipkart" time="82.367" errors="0" timestamp="2024-06-05T15:19:23 IST" skipped="0">
  <testcase classname="mock.Flipkart" name="mobileNameAndCost" time="82.367"/>
  <system-out/>
</testsuite> <!-- mock.Flipkart -->
