<?xml version="1.0" encoding="UTF-8"?>
<!-- Generated by org.testng.reporters.JUnitReportReporter -->
<testsuite hostname="Raghav" failures="0" tests="3" name="ReportPrograms.ConnectFromBaseClass_new" time="34.478" errors="0" timestamp="2024-05-22T11:04:15 IST" skipped="0">
  <testcase classname="ReportPrograms.ConnectFromBaseClass_new" name="test2" time="10.675"/>
  <system-out/>
  <testcase classname="ReportPrograms.ConnectFromBaseClass_new" name="test3" time="12.291"/>
  <system-out/>
  <testcase classname="ReportPrograms.ConnectFromBaseClass_new" name="test1" time="11.512"/>
  <system-out/>
</testsuite> <!-- ReportPrograms.ConnectFromBaseClass_new -->
