<?xml version="1.0" encoding="UTF-8"?>
<!-- Generated by org.testng.reporters.JUnitReportReporter -->
<testsuite hostname="Raghav" failures="0" tests="2" name="assertionsPrograms.HardAssertToVerify_Home_Logo" time="113.444" errors="0" timestamp="2024-05-17T12:34:13 IST" skipped="0">
  <testcase classname="assertionsPrograms.HardAssertToVerify_Home_Logo" name="verifyHometest" time="67.963"/>
  <system-out/>
  <testcase classname="assertionsPrograms.HardAssertToVerify_Home_Logo" name="verifyLogo" time="45.481"/>
  <system-out/>
</testsuite> <!-- assertionsPrograms.HardAssertToVerify_Home_Logo -->
