<?xml version="1.0" encoding="UTF-8"?>
<!-- Generated by org.testng.reporters.JUnitReportReporter -->
<testsuite hostname="Raghav" failures="0" tests="1" name="TestNgPrograms.SeleniumScriptReadingDataFromCXmlfile" time="52.312" errors="0" timestamp="04 May 2024 07:06:39 GMT" skipped="0">
  <testcase classname="TestNgPrograms.SeleniumScriptReadingDataFromCXmlfile" name="seleniumtest" time="52.312"/>
</testsuite> <!-- TestNgPrograms.SeleniumScriptReadingDataFromCXmlfile -->
