<?xml version="1.0" encoding="UTF-8"?>
<!-- Generated by org.testng.reporters.JUnitReportReporter -->
<testsuite hostname="Raghav" failures="0" tests="1" name="screenshotprograms.ScreenshotTest" time="13.251" errors="0" timestamp="2024-05-17T15:47:02 IST" skipped="0">
  <testcase classname="screenshotprograms.ScreenshotTest" name="Screenshot" time="13.251"/>
  <system-out/>
</testsuite> <!-- screenshotprograms.ScreenshotTest -->
