<?xml version="1.0" encoding="UTF-8"?>
<!-- Generated by org.testng.reporters.JUnitReportReporter -->
<testsuite hostname="Raghav" failures="0" tests="1" name="ReportPrograms.SampleReportTest" time="1.634" errors="0" timestamp="2024-05-21T18:09:55 IST" skipped="0">
  <testcase classname="ReportPrograms.SampleReportTest" name="test1" time="1.634"/>
  <system-out/>
</testsuite> <!-- ReportPrograms.SampleReportTest -->
