<?xml version="1.0" encoding="UTF-8"?>
<!-- Generated by org.testng.reporters.JUnitReportReporter -->
<testsuite hostname="Raghav" failures="0" tests="2" name="TestNgPrograms.MultipleTestMEthods" time="0.019" errors="0" timestamp="15 May 2024 11:31:04 GMT" skipped="0">
  <testcase classname="TestNgPrograms.MultipleTestMEthods" name="demo" time="0.002"/>
  <testcase classname="TestNgPrograms.MultipleTestMEthods" name="Aemo" time="0.017"/>
</testsuite> <!-- TestNgPrograms.MultipleTestMEthods -->
