<?xml version="1.0" encoding="UTF-8"?>
<!-- Generated by org.testng.reporters.JUnitReportReporter -->
<testsuite hostname="Raghav" failures="0" tests="2" name="testNGDemoAnnotationPractice.DemoCreateContactTestConfigAnnotation" time="0.019" errors="0" timestamp="16 May 2024 07:33:00 GMT" skipped="0">
  <testcase classname="testNGDemoAnnotationPractice.DemoCreateContactTestConfigAnnotation" name="createContactWithDateTest" time="0.007"/>
  <testcase classname="testNGDemoAnnotationPractice.DemoCreateContactTestConfigAnnotation" name="createContactTest" time="0.012"/>
</testsuite> <!-- testNGDemoAnnotationPractice.DemoCreateContactTestConfigAnnotation -->
