<?xml version="1.0" encoding="UTF-8"?>
<!-- Generated by org.testng.reporters.JUnitReportReporter -->
<testsuite hostname="Raghav" failures="0" tests="2" name="assertionsPrograms.FirstPro_verify_home_logo" time="106.035" errors="0" timestamp="2024-05-17T12:21:17 IST" skipped="0">
  <testcase classname="assertionsPrograms.FirstPro_verify_home_logo" name="verifyLogo" time="47.929"/>
  <system-out/>
  <testcase classname="assertionsPrograms.FirstPro_verify_home_logo" name="verifyHometest" time="58.106"/>
  <system-out/>
</testsuite> <!-- assertionsPrograms.FirstPro_verify_home_logo -->
