<?xml version="1.0" encoding="UTF-8"?>
<!-- Generated by org.testng.reporters.JUnitReportReporter -->
<testsuite hostname="Raghav" failures="0" tests="3" name="TestNgPrograms.DataproviderInAmazonTest" time="32.261" errors="0" timestamp="15 May 2024 13:25:11 GMT" skipped="0">
  <testcase classname="TestNgPrograms.DataproviderInAmazonTest" name="SearchProductFetchCost" time="10.252"/>
  <testcase classname="TestNgPrograms.DataproviderInAmazonTest" name="SearchProductFetchCost" time="11.626"/>
  <testcase classname="TestNgPrograms.DataproviderInAmazonTest" name="SearchProductFetchCost" time="10.383"/>
</testsuite> <!-- TestNgPrograms.DataproviderInAmazonTest -->
