<?xml version="1.0" encoding="UTF-8"?>
<!-- Generated by org.testng.reporters.JUnitReportReporter -->
<testsuite hostname="Raghav" failures="0" tests="3" name="TestNgPrograms.DataProvidersFromExcelSheet" time="30.175" errors="0" timestamp="16 May 2024 04:11:23 GMT" skipped="0">
  <testcase classname="TestNgPrograms.DataProvidersFromExcelSheet" name="SearchProductFetchCost" time="10.856"/>
  <testcase classname="TestNgPrograms.DataProvidersFromExcelSheet" name="SearchProductFetchCost" time="10.518"/>
  <testcase classname="TestNgPrograms.DataProvidersFromExcelSheet" name="SearchProductFetchCost" time="8.801"/>
</testsuite> <!-- TestNgPrograms.DataProvidersFromExcelSheet -->
