<?xml version="1.0" encoding="UTF-8"?>
<!-- Generated by org.testng.reporters.JUnitReportReporter -->
<testsuite hostname="Raghav" failures="0" tests="1" name="TestNgPrograms.SampleTest" time="0.038" errors="0" timestamp="15 May 2024 10:43:01 GMT" skipped="0">
  <testcase classname="TestNgPrograms.SampleTest" name="test1" time="0.038"/>
</testsuite> <!-- TestNgPrograms.SampleTest -->
