<?xml version="1.0" encoding="UTF-8"?>
<!-- Generated by org.testng.reporters.JUnitReportReporter -->
<testsuite hostname="Raghav" failures="0" tests="6" name="TestNgPrograms.PriorityTest" time="0.040" errors="0" timestamp="15 May 2024 11:51:21 GMT" skipped="0">
  <testcase classname="TestNgPrograms.PriorityTest" name="regesterTest" time="0.023"/>
  <testcase classname="TestNgPrograms.PriorityTest" name="loginTest" time="0.004"/>
  <testcase classname="TestNgPrograms.PriorityTest" name="searchTest" time="0.002"/>
  <testcase classname="TestNgPrograms.PriorityTest" name="addToCartTest" time="0.003"/>
  <testcase classname="TestNgPrograms.PriorityTest" name="placeOrderTest" time="0.004"/>
  <testcase classname="TestNgPrograms.PriorityTest" name="logoutTest" time="0.004"/>
</testsuite> <!-- TestNgPrograms.PriorityTest -->
