<?xml version="1.0" encoding="UTF-8"?>
<!-- Generated by org.testng.reporters.JUnitReportReporter -->
<testsuite hostname="Raghav" failures="0" tests="1" name="TestNgPrograms.ReadDataFromTestNGXML" time="0.079" errors="0" timestamp="04 May 2024 06:44:20 GMT" skipped="0">
  <testcase classname="TestNgPrograms.ReadDataFromTestNGXML" name="sample" time="0.079"/>
</testsuite> <!-- TestNgPrograms.ReadDataFromTestNGXML -->
